
Showing logs for build [32mcb-kubecd-bdd-ghfjxy-1568743294-gzxgv-1[0m stage [32mmeta-pipeline[0m and container [32mstep-credential-initializer-bgnzb[0m
{"level":"warn","ts":1568743731.0085404,"logger":"fallback-logger","caller":"logging/config.go:69","msg":"Fetch GitHub commit ID from kodata failed: \"ref: refs/heads/master\" is not a valid GitHub commit ID"}
{"level":"info","ts":1568743731.009109,"logger":"fallback-logger","caller":"creds-init/main.go:40","msg":"Credentials initialized."}

Showing logs for build [32mcb-kubecd-bdd-ghfjxy-1568743294-gzxgv-1[0m stage [32mmeta-pipeline[0m and container [32mstep-working-dir-initializer-dtvrh[0m
{"level":"warn","ts":1568743733.1868958,"logger":"fallback-logger","caller":"logging/config.go:69","msg":"Fetch GitHub commit ID from kodata failed: open /var/run/ko/HEAD: no such file or directory"}
{"level":"info","ts":1568743733.1897259,"logger":"fallback-logger","caller":"bash/main.go:65","msg":"Successfully executed command \"mkdir -p /workspace/source\""}

Showing logs for build [32mcb-kubecd-bdd-ghfjxy-1568743294-gzxgv-1[0m stage [32mmeta-pipeline[0m and container [32mstep-place-tools[0m

Showing logs for build [32mcb-kubecd-bdd-ghfjxy-1568743294-gzxgv-1[0m stage [32mmeta-pipeline[0m and container [32mstep-git-source-meta-cb-kubecd-bdd-ghfjxy-15687-h96t6[0m
{"level":"warn","ts":1568743853.2062051,"logger":"fallback-logger","caller":"logging/config.go:69","msg":"Fetch GitHub commit ID from kodata failed: \"ref: refs/heads/master\" is not a valid GitHub commit ID"}
{"level":"info","ts":1568743854.2869973,"logger":"fallback-logger","caller":"git/git.go:102","msg":"Successfully cloned https://github.com/cb-kubecd/bdd-ghf**y-1568743294.git @ 524c438ada957d576773082c1bc15a9bdbca18e7 in path /workspace/source"}

Showing logs for build [32mcb-kubecd-bdd-ghfjxy-1568743294-gzxgv-1[0m stage [32mmeta-pipeline[0m and container [32mstep-git-merge[0m
Using SHAs from PULL_REFS=master:524c438ada957d576773082c1bc15a9bdbca18e7,1:de89ddbd0f767da9c7813f0a737ea5f43a5472dd
DEBUG: ran git fetch --unshallow origin de89ddbd0f767da9c7813f0a737ea5f43a5472dd: 524c438ada957d576773082c1bc15a9bdbca18e7: in 
DEBUG: ran git checkout master in 
DEBUG: ran git reset --hard 524c438ada957d576773082c1bc15a9bdbca18e7 in 
DEBUG: ran clean --force -d . in 
DEBUG: ran git merge de89ddbd0f767da9c7813f0a737ea5f43a5472dd in 
Merged SHA de89ddbd0f767da9c7813f0a737ea5f43a5472dd with commit message 'My first PR commit' into base branch master

Showing logs for build [32mcb-kubecd-bdd-ghfjxy-1568743294-gzxgv-1[0m stage [32mmeta-pipeline[0m and container [32mstep-merge-pull-refs[0m
DEBUG: ran git fetch origin de89ddbd0f767da9c7813f0a737ea5f43a5472dd: 524c438ada957d576773082c1bc15a9bdbca18e7: in 
DEBUG: Unshallowed git repo in 
DEBUG: ran git checkout master in 
DEBUG: ran git reset --hard 524c438ada957d576773082c1bc15a9bdbca18e7 in 
DEBUG: ran clean --force -d . in 
DEBUG: ran git merge de89ddbd0f767da9c7813f0a737ea5f43a5472dd in 
Merged SHA de89ddbd0f767da9c7813f0a737ea5f43a5472dd with commit message 'My first PR commit' into base branch master

Showing logs for build [32mcb-kubecd-bdd-ghfjxy-1568743294-gzxgv-1[0m stage [32mmeta-pipeline[0m and container [32mstep-create-effective-pipeline[0m
Deleting and cloning the Jenkins X versions repo
Cloning the Jenkins X versions repo https://github.com/jenkins-x/jenkins-x-versions.git with ref refs/heads/master to /builder/home/.**/jenkins-x-versions
performing pack detection in folder /workspace/source
--> Draft detected YAML (67.752116%)
--> Could not find a pack for YAML. Trying to find the next likely language match...
--> Draft detected RPM Spec (14.854397%)
--> Could not find a pack for RPM Spec. Trying to find the next likely language match...
--> Draft detected Coq (6.799598%)
--> Could not find a pack for Coq. Trying to find the next likely language match...
--> Draft detected Smarty (3.701047%)
--> Could not find a pack for Smarty. Trying to find the next likely language match...
--> Draft detected Go (2.904892%)
selected pack: /builder/home/.**/draft/packs/github.com/jenkins-x-buildpacks/jenkins-x-kubernetes/packs/go
Effective pipeline written to jenkins-x-serverless-jenkins-effective.yml

Showing logs for build [32mcb-kubecd-bdd-ghfjxy-1568743294-gzxgv-1[0m stage [32mmeta-pipeline[0m and container [32mstep-create-tekton-crds[0m
PipelineActivity for cb-kubecd-bdd-ghf**y-1568743294-PR-1-1
Applying changes 
upserted PipelineResource cb-kubecd-bdd-ghf**y-1568743294 for the git repository https://github.com/cb-kubecd/bdd-ghf**y-1568743294.git
upserted Task cb-kubecd-bdd-ghf**y-1568743294-gzxgv-run-make-1
upserted Task cb-kubecd-bdd-ghf**y-1568743294-gzxgv-everything-else-1
upserted Pipeline cb-kubecd-bdd-ghf**y-1568743294-gzxgv-1
created PipelineRun cb-kubecd-bdd-ghf**y-1568743294-gzxgv-1
created PipelineStructure cb-kubecd-bdd-ghf**y-1568743294-gzxgv-1

Showing logs for build [32mcb-kubecd-bdd-ghfjxy-1568743294-gzxgv-1[0m stage [32mrun-make[0m and container [32mstep-credential-initializer-46kjb[0m
{"level":"warn","ts":1568743879.2587872,"logger":"fallback-logger","caller":"logging/config.go:69","msg":"Fetch GitHub commit ID from kodata failed: \"ref: refs/heads/master\" is not a valid GitHub commit ID"}
{"level":"info","ts":1568743879.2596374,"logger":"fallback-logger","caller":"creds-init/main.go:40","msg":"Credentials initialized."}

Showing logs for build [32mcb-kubecd-bdd-ghfjxy-1568743294-gzxgv-1[0m stage [32mrun-make[0m and container [32mstep-working-dir-initializer-2rrgc[0m
{"level":"warn","ts":1568743880.298729,"logger":"fallback-logger","caller":"logging/config.go:69","msg":"Fetch GitHub commit ID from kodata failed: open /var/run/ko/HEAD: no such file or directory"}
{"level":"info","ts":1568743880.3062904,"logger":"fallback-logger","caller":"bash/main.go:65","msg":"Successfully executed command \"mkdir -p /workspace/source\""}

Showing logs for build [32mcb-kubecd-bdd-ghfjxy-1568743294-gzxgv-1[0m stage [32mrun-make[0m and container [32mstep-place-tools[0m

Showing logs for build [32mcb-kubecd-bdd-ghfjxy-1568743294-gzxgv-1[0m stage [32mrun-make[0m and container [32mstep-git-source-cb-kubecd-bdd-ghfjxy-1568743294-bxb7q[0m
{"level":"warn","ts":1568743958.364387,"logger":"fallback-logger","caller":"logging/config.go:69","msg":"Fetch GitHub commit ID from kodata failed: \"ref: refs/heads/master\" is not a valid GitHub commit ID"}
{"level":"info","ts":1568743960.1893234,"logger":"fallback-logger","caller":"git/git.go:102","msg":"Successfully cloned https://github.com/cb-kubecd/bdd-ghf**y-1568743294.git @ master in path /workspace/source"}

Showing logs for build [32mcb-kubecd-bdd-ghfjxy-1568743294-gzxgv-1[0m stage [32mrun-make[0m and container [32mstep-git-merge[0m
Using SHAs from PULL_REFS=master:524c438ada957d576773082c1bc15a9bdbca18e7,1:de89ddbd0f767da9c7813f0a737ea5f43a5472dd
DEBUG: ran git fetch --unshallow origin de89ddbd0f767da9c7813f0a737ea5f43a5472dd: 524c438ada957d576773082c1bc15a9bdbca18e7: in 
DEBUG: ran git checkout master in 
DEBUG: ran git reset --hard 524c438ada957d576773082c1bc15a9bdbca18e7 in 
DEBUG: ran clean --force -d . in 
DEBUG: ran git merge de89ddbd0f767da9c7813f0a737ea5f43a5472dd in 
Merged SHA de89ddbd0f767da9c7813f0a737ea5f43a5472dd with commit message 'My first PR commit' into base branch master

Showing logs for build [32mcb-kubecd-bdd-ghfjxy-1568743294-gzxgv-1[0m stage [32mrun-make[0m and container [32mstep-build-make-linux[0m
CGO_ENABLED=0 GOOS=linux GOARCH=amd64 GO15VENDOREXPERIMENT=1 go build -ldflags '' -o bin/bdd-ghf**y-1568743294 main.go

Showing logs for build [32mcb-kubecd-bdd-ghfjxy-1568743294-gzxgv-1[0m stage [32mrun-make[0m and container [32mstep-source-mkdir-cb-kubecd-bdd-ghfjxy-1568743294-fndb7[0m
{"level":"warn","ts":1568743971.157391,"logger":"fallback-logger","caller":"logging/config.go:69","msg":"Fetch GitHub commit ID from kodata failed: open /var/run/ko/HEAD: no such file or directory"}
{"level":"info","ts":1568743971.2944207,"logger":"fallback-logger","caller":"bash/main.go:65","msg":"Successfully executed command \"mkdir -p /pvc/run-make/workspace\""}

Showing logs for build [32mcb-kubecd-bdd-ghfjxy-1568743294-gzxgv-1[0m stage [32mrun-make[0m and container [32mstep-source-copy-cb-kubecd-bdd-ghfjxy-1568743294-dpzgh[0m
{"level":"warn","ts":1568743972.1504612,"logger":"fallback-logger","caller":"logging/config.go:69","msg":"Fetch GitHub commit ID from kodata failed: open /var/run/ko/HEAD: no such file or directory"}
{"level":"info","ts":1568743972.1668088,"logger":"fallback-logger","caller":"bash/main.go:65","msg":"Successfully executed command \"cp -r /workspace/source/. /pvc/run-make/workspace\""}

Showing logs for build [32mcb-kubecd-bdd-ghfjxy-1568743294-gzxgv-1[0m stage [32meverything-else[0m and container [32mstep-credential-initializer-dc2ff[0m
{"level":"warn","ts":1568743977.096312,"logger":"fallback-logger","caller":"logging/config.go:69","msg":"Fetch GitHub commit ID from kodata failed: \"ref: refs/heads/master\" is not a valid GitHub commit ID"}
{"level":"info","ts":1568743977.0972922,"logger":"fallback-logger","caller":"creds-init/main.go:40","msg":"Credentials initialized."}

Showing logs for build [32mcb-kubecd-bdd-ghfjxy-1568743294-gzxgv-1[0m stage [32meverything-else[0m and container [32mstep-working-dir-initializer-j2vbl[0m
{"level":"warn","ts":1568743977.4984977,"logger":"fallback-logger","caller":"logging/config.go:69","msg":"Fetch GitHub commit ID from kodata failed: open /var/run/ko/HEAD: no such file or directory"}
{"level":"info","ts":1568743977.5000908,"logger":"fallback-logger","caller":"bash/main.go:65","msg":"Successfully executed command \"mkdir -p /workspace/source /workspace/source/charts/preview\""}

Showing logs for build [32mcb-kubecd-bdd-ghfjxy-1568743294-gzxgv-1[0m stage [32meverything-else[0m and container [32mstep-place-tools[0m

Showing logs for build [32mcb-kubecd-bdd-ghfjxy-1568743294-gzxgv-1[0m stage [32meverything-else[0m and container [32mstep-create-dir-workspace-fgnvx[0m
{"level":"warn","ts":1568743985.547576,"logger":"fallback-logger","caller":"logging/config.go:69","msg":"Fetch GitHub commit ID from kodata failed: open /var/run/ko/HEAD: no such file or directory"}
{"level":"info","ts":1568743985.5535593,"logger":"fallback-logger","caller":"bash/main.go:65","msg":"Successfully executed command \"mkdir -p /workspace/source\""}

Showing logs for build [32mcb-kubecd-bdd-ghfjxy-1568743294-gzxgv-1[0m stage [32meverything-else[0m and container [32mstep-source-copy-workspace-4xmdm[0m
{"level":"warn","ts":1568743985.8177602,"logger":"fallback-logger","caller":"logging/config.go:69","msg":"Fetch GitHub commit ID from kodata failed: open /var/run/ko/HEAD: no such file or directory"}
{"level":"info","ts":1568743986.1465232,"logger":"fallback-logger","caller":"bash/main.go:65","msg":"Successfully executed command \"cp -r /pvc/run-make/workspace/. /workspace/source\""}

Showing logs for build [32mcb-kubecd-bdd-ghfjxy-1568743294-gzxgv-1[0m stage [32meverything-else[0m and container [32mstep-build-container-build[0m
[36mINFO[0m[0000] No base image, nothing to extract            
[36mINFO[0m[0000] cmd: EXPOSE                                  
[36mINFO[0m[0000] Adding exposed port: 8080/tcp                
[36mINFO[0m[0000] Using files from context: [/workspace/source/bin] 
[36mINFO[0m[0000] Skipping unpacking as no commands require it. 
[36mINFO[0m[0000] Taking snapshot of full filesystem...        
[36mINFO[0m[0000] EXPOSE 8080                                  
[36mINFO[0m[0000] cmd: EXPOSE                                  
[36mINFO[0m[0000] Adding exposed port: 8080/tcp                
[36mINFO[0m[0000] No files changed in this command, skipping snapshotting. 
[36mINFO[0m[0000] ENTRYPOINT ["/bdd-ghf**y-1568743294"]        
[36mINFO[0m[0000] No files changed in this command, skipping snapshotting. 
[36mINFO[0m[0000] Using files from context: [/workspace/source/bin] 
[36mINFO[0m[0000] COPY ./bin/ /                                
[36mINFO[0m[0000] Taking snapshot of files...                  
2019/09/17 18:13:10 pushed blob: sha256:79d2033580d664bf5be05fbb41f3eef3cfc44f3d563a7703aae81c7702361b7b
2019/09/17 18:13:12 pushed blob: sha256:cbad4482a50a1cb8e8666af430bb93edf8c4a2211a263ccc089c1ffde03d19ef
2019/09/17 18:13:18 gcr.io/jenkins-x-bdd3/bdd-ghf**y-1568743294:0.0.0-SNAPSHOT-PR-1-1: digest: sha256:8d9c4fb441d8ef473e16635a2ba8a7681f98355ba702391d22bc9b08f2a05cdd size: 428

Showing logs for build [32mcb-kubecd-bdd-ghfjxy-1568743294-gzxgv-1[0m stage [32meverything-else[0m and container [32mstep-postbuild-post-build[0m
no CVE provider running in the current ** namespace so skip adding image to be analysed

Showing logs for build [32mcb-kubecd-bdd-ghfjxy-1568743294-gzxgv-1[0m stage [32meverything-else[0m and container [32mstep-promote-make-preview[0m
sed -i -e "s/version:.*/version: 0.0.0-SNAPSHOT-PR-1-1/" Chart.yaml
sed -i -e "s/version:.*/version: 0.0.0-SNAPSHOT-PR-1-1/" ../*/Chart.yaml
sed -i -e "s|repository:.*|repository: gcr.io\/jenkins-x-bdd3\/bdd-ghf**y-1568743294|" values.yaml
sed -i -e "s/tag:.*/tag: 0.0.0-SNAPSHOT-PR-1-1/" values.yaml
echo "  version: 0.0.0-SNAPSHOT-PR-1-1" >> requirements.yaml
** step helm build
WARNING: No $CHART_REPOSITORY defined so using the default value of: http://jenkins-x-chartmuseum:8080
Adding missing Helm repo: storage.googleapis.com https://storage.googleapis.com/chartmuseum.jenkins-x.io
Successfully added Helm repository storage.googleapis.com.
Adding missing Helm repo: jenkins-x-chartmuseum http://jenkins-x-chartmuseum:8080
Successfully added Helm repository jenkins-x-chartmuseum.
WARNING: No $CHART_REPOSITORY defined so using the default value of: http://jenkins-x-chartmuseum:8080
Adding missing Helm repo: chartmuseum.jenkins-x.io http://chartmuseum.jenkins-x.io
Successfully added Helm repository chartmuseum.jenkins-x.io.

Showing logs for build [32mcb-kubecd-bdd-ghfjxy-1568743294-gzxgv-1[0m stage [32meverything-else[0m and container [32mstep-promote-jx-preview[0m
Creating a preview
WARNING: No author for commit: de89ddbd0f767da9c7813f0a737ea5f43a5472dd
Created environment cb-kubecd-bdd-ghf**y-1568743294-pr-1
Namespace **-cb-kubecd-bdd-ghf**y-1568743294-pr-1 created 
expose:
  Annotations:
    helm.sh/hook: post-install,post-upgrade
    helm.sh/hook-delete-policy: hook-succeeded
  config:
    domain: 35.205.188.87.nip.io
    exposer: Ingress
    http: "true"
preview:
  image:
    repository: gcr.io/jenkins-x-bdd3/bdd-ghf**y-1568743294
    tag: 0.0.0-SNAPSHOT-PR-1-1
Deleting and cloning the Jenkins X versions repo
Cloning the Jenkins X versions repo https://github.com/jenkins-x/jenkins-x-versions.git with ref refs/heads/master to /builder/home/.**/jenkins-x-versions


Updating PipelineActivities cb-kubecd-bdd-ghf**y-1568743294-pr-1-1 which has status Running
Preview application is now available at: http://bdd-ghf**y-1568743294.**-cb-kubecd-bdd-ghf**y-1568743294-pr-1.35.205.188.87.nip.io
